# JRE version: Java(TM) SE Runtime Environment (8.0_60-b27) (build 1.8.0_60-b27)
# Java VM: Java HotSpot(TM) Client VM (25.60-b23 mixed mode windows-x86 )
Heap:
 def new generation   total 38016K, used 4160K [0x03800000, 0x06130000, 0x18d50000)
  eden space 33856K,   0% used [0x03800000, 0x03800000, 0x05910000)
  from space 4160K, 100% used [0x05d20000, 0x06130000, 0x06130000)
  to   space 4160K,   0% used [0x05910000, 0x05910000, 0x05d20000)
 tenured generation   total 152740K, used 152659K [0x18d50000, 0x22279000, 0x43800000)
   the space 152740K,  99% used [0x18d50000, 0x22264fa8, 0x22265000, 0x22279000)
 Metaspace       used 3506K, capacity 3558K, committed 3648K, reserved 4480K
GC Heap History (10 events):
Event: 5.970 GC heap after
Heap after GC invocations=55 (full 5):
 def new generation   total 38016K, used 4160K [0x03800000, 0x06130000, 0x18d50000)
  eden space 33856K,   0% used [0x03800000, 0x03800000, 0x05910000)
  from space 4160K, 100% used [0x05910000, 0x05d20000, 0x05d20000)
  to   space 4160K,   0% used [0x05d20000, 0x05d20000, 0x06130000)
 tenured generation   total 145956K, used 125999K [0x18d50000, 0x21bd9000, 0x43800000)
   the space 145956K,  86% used [0x18d50000, 0x2085bd70, 0x2085be00, 0x21bd9000)
 Metaspace       used 3406K, capacity 3494K, committed 3520K, reserved 4480K
}
Event: 6.094 GC heap before
{Heap before GC invocations=55 (full 5):
 def new generation   total 38016K, used 38016K [0x03800000, 0x06130000, 0x18d50000)
  eden space 33856K, 100% used [0x03800000, 0x05910000, 0x05910000)
  from space 4160K, 100% used [0x05910000, 0x05d20000, 0x05d20000)
  to   space 4160K,   0% used [0x05d20000, 0x05d20000, 0x06130000)
 tenured generation   total 145956K, used 125999K [0x18d50000, 0x21bd9000, 0x43800000)
   the space 145956K,  86% used [0x18d50000, 0x2085bd70, 0x2085be00, 0x21bd9000)
 Metaspace       used 3406K, capacity 3494K, committed 3520K, reserved 4480K
Event: 6.133 GC heap after
Heap after GC invocations=56 (full 5):
 def new generation   total 38016K, used 4160K [0x03800000, 0x06130000, 0x18d50000)
  eden space 33856K,   0% used [0x03800000, 0x03800000, 0x05910000)
  from space 4160K, 100% used [0x05d20000, 0x06130000, 0x06130000)
  to   space 4160K,   0% used [0x05910000, 0x05910000, 0x05d20000)
 tenured generation   total 145956K, used 131042K [0x18d50000, 0x21bd9000, 0x43800000)
   the space 145956K,  89% used [0x18d50000, 0x20d48aa8, 0x20d48c00, 0x21bd9000)
 Metaspace       used 3406K, capacity 3494K, committed 3520K, reserved 4480K
}
Event: 6.239 GC heap before
{Heap before GC invocations=56 (full 5):
 def new generation   total 38016K, used 38016K [0x03800000, 0x06130000, 0x18d50000)
  eden space 33856K, 100% used [0x03800000, 0x05910000, 0x05910000)
  from space 4160K, 100% used [0x05d20000, 0x06130000, 0x06130000)
  to   space 4160K,   0% used [0x05910000, 0x05910000, 0x05d20000)
 tenured generation   total 145956K, used 131042K [0x18d50000, 0x21bd9000, 0x43800000)
   the space 145956K,  89% used [0x18d50000, 0x20d48aa8, 0x20d48c00, 0x21bd9000)
 Metaspace       used 3406K, capacity 3494K, committed 3520K, reserved 4480K
Event: 6.277 GC heap after
Heap after GC invocations=57 (full 5):
 def new generation   total 38016K, used 4160K [0x03800000, 0x06130000, 0x18d50000)
  eden space 33856K,   0% used [0x03800000, 0x03800000, 0x05910000)
  from space 4160K, 100% used [0x05910000, 0x05d20000, 0x05d20000)
  to   space 4160K,   0% used [0x05d20000, 0x05d20000, 0x06130000)
 tenured generation   total 145956K, used 136061K [0x18d50000, 0x21bd9000, 0x43800000)
   the space 145956K,  93% used [0x18d50000, 0x2122f658, 0x2122f800, 0x21bd9000)
 Metaspace       used 3406K, capacity 3494K, committed 3520K, reserved 4480K
}
Event: 6.382 GC heap before
{Heap before GC invocations=57 (full 5):
 def new generation   total 38016K, used 38016K [0x03800000, 0x06130000, 0x18d50000)
  eden space 33856K, 100% used [0x03800000, 0x05910000, 0x05910000)
  from space 4160K, 100% used [0x05910000, 0x05d20000, 0x05d20000)
  to   space 4160K,   0% used [0x05d20000, 0x05d20000, 0x06130000)
 tenured generation   total 145956K, used 136061K [0x18d50000, 0x21bd9000, 0x43800000)
   the space 145956K,  93% used [0x18d50000, 0x2122f658, 0x2122f800, 0x21bd9000)
 Metaspace       used 3406K, capacity 3494K, committed 3520K, reserved 4480K
Event: 6.418 GC heap after
Heap after GC invocations=58 (full 5):
 def new generation   total 38016K, used 4160K [0x03800000, 0x06130000, 0x18d50000)
  eden space 33856K,   0% used [0x03800000, 0x03800000, 0x05910000)
  from space 4160K, 100% used [0x05d20000, 0x06130000, 0x06130000)
  to   space 4160K,   0% used [0x05910000, 0x05910000, 0x05d20000)
 tenured generation   total 145956K, used 140988K [0x18d50000, 0x21bd9000, 0x43800000)
   the space 145956K,  96% used [0x18d50000, 0x216ff098, 0x216ff200, 0x21bd9000)
 Metaspace       used 3406K, capacity 3494K, committed 3520K, reserved 4480K
}
Event: 6.513 GC heap before
{Heap before GC invocations=58 (full 5):
 def new generation   total 38016K, used 38016K [0x03800000, 0x06130000, 0x18d50000)
  eden space 33856K, 100% used [0x03800000, 0x05910000, 0x05910000)
  from space 4160K, 100% used [0x05d20000, 0x06130000, 0x06130000)
  to   space 4160K,   0% used [0x05910000, 0x05910000, 0x05d20000)
 tenured generation   total 145956K, used 140988K [0x18d50000, 0x21bd9000, 0x43800000)
   the space 145956K,  96% used [0x18d50000, 0x216ff098, 0x216ff200, 0x21bd9000)
 Metaspace       used 3407K, capacity 3494K, committed 3520K, reserved 4480K
Event: 7.127 GC heap after
Heap after GC invocations=59 (full 6):
 def new generation   total 38016K, used 4109K [0x03800000, 0x06130000, 0x18d50000)
  eden space 33856K,  12% used [0x03800000, 0x03c03698, 0x05910000)
  from space 4160K,   0% used [0x05910000, 0x05910000, 0x05d20000)
  to   space 4160K,   0% used [0x05d20000, 0x05d20000, 0x06130000)
 tenured generation   total 146468K, used 146468K [0x18d50000, 0x21c59000, 0x43800000)
   the space 146468K, 100% used [0x18d50000, 0x21c59000, 0x21c59000, 0x21c59000)
 Metaspace       used 3407K, capacity 3494K, committed 3520K, reserved 4480K
}
Event: 7.929 GC heap before
{Heap before GC invocations=59 (full 6):
 def new generation   total 38016K, used 33856K [0x03800000, 0x06130000, 0x18d50000)
  eden space 33856K, 100% used [0x03800000, 0x05910000, 0x05910000)
  from space 4160K,   0% used [0x05910000, 0x05910000, 0x05d20000)
  to   space 4160K,   0% used [0x05d20000, 0x05d20000, 0x06130000)
 tenured generation   total 146468K, used 146468K [0x18d50000, 0x21c59000, 0x43800000)
   the space 146468K, 100% used [0x18d50000, 0x21c59000, 0x21c59000, 0x21c59000)
 Metaspace       used 3506K, capacity 3558K, committed 3648K, reserved 4480K

