# JRE version: Java(TM) SE Runtime Environment (8.0_60-b27) (build 1.8.0_60-b27)
# Java VM: Java HotSpot(TM) Client VM (25.60-b23 mixed mode windows-x86 )
Heap:
 def new generation   total 6976K, used 6975K [0x04400000, 0x04b90000, 0x19950000)
  eden space 6208K, 100% used [0x04400000, 0x04a10000, 0x04a10000)
  from space 768K,  99% used [0x04a10000, 0x04acfff8, 0x04ad0000)
  to   space 768K,   0% used [0x04ad0000, 0x04ad0000, 0x04b90000)
 tenured generation   total 16544K, used 16452K [0x19950000, 0x1a978000, 0x44400000)
   the space 16544K,  99% used [0x19950000, 0x1a9610a0, 0x1a961200, 0x1a978000)
 Metaspace       used 3398K, capacity 3494K, committed 3520K, reserved 4480K
GC Heap History (10 events):
Event: 2.662 GC heap after
Heap after GC invocations=21 (full 4):
 def new generation   total 6272K, used 639K [0x04400000, 0x04ac0000, 0x19950000)
  eden space 5632K,   0% used [0x04400000, 0x04400000, 0x04980000)
  from space 640K,  99% used [0x04a20000, 0x04abfff8, 0x04ac0000)
  to   space 640K,   0% used [0x04980000, 0x04980000, 0x04a20000)
 tenured generation   total 13760K, used 12245K [0x19950000, 0x1a6c0000, 0x44400000)
   the space 13760K,  88% used [0x19950000, 0x1a5456e0, 0x1a545800, 0x1a6c0000)
 Metaspace       used 3397K, capacity 3494K, committed 3520K, reserved 4480K
}
Event: 2.728 GC heap before
{Heap before GC invocations=21 (full 4):
 def new generation   total 6272K, used 6271K [0x04400000, 0x04ac0000, 0x19950000)
  eden space 5632K, 100% used [0x04400000, 0x04980000, 0x04980000)
  from space 640K,  99% used [0x04a20000, 0x04abfff8, 0x04ac0000)
  to   space 640K,   0% used [0x04980000, 0x04980000, 0x04a20000)
 tenured generation   total 13760K, used 12245K [0x19950000, 0x1a6c0000, 0x44400000)
   the space 13760K,  88% used [0x19950000, 0x1a5456e0, 0x1a545800, 0x1a6c0000)
 Metaspace       used 3397K, capacity 3494K, committed 3520K, reserved 4480K
Event: 2.735 GC heap after
Heap after GC invocations=22 (full 4):
 def new generation   total 6272K, used 639K [0x04400000, 0x04ac0000, 0x19950000)
  eden space 5632K,   0% used [0x04400000, 0x04400000, 0x04980000)
  from space 640K,  99% used [0x04980000, 0x04a1fff8, 0x04a20000)
  to   space 640K,   0% used [0x04a20000, 0x04a20000, 0x04ac0000)
 tenured generation   total 13760K, used 13199K [0x19950000, 0x1a6c0000, 0x44400000)
   the space 13760K,  95% used [0x19950000, 0x1a633f20, 0x1a634000, 0x1a6c0000)
 Metaspace       used 3397K, capacity 3494K, committed 3520K, reserved 4480K
}
Event: 2.798 GC heap before
{Heap before GC invocations=22 (full 4):
 def new generation   total 6272K, used 6271K [0x04400000, 0x04ac0000, 0x19950000)
  eden space 5632K, 100% used [0x04400000, 0x04980000, 0x04980000)
  from space 640K,  99% used [0x04980000, 0x04a1fff8, 0x04a20000)
  to   space 640K,   0% used [0x04a20000, 0x04a20000, 0x04ac0000)
 tenured generation   total 13760K, used 13199K [0x19950000, 0x1a6c0000, 0x44400000)
   the space 13760K,  95% used [0x19950000, 0x1a633f20, 0x1a634000, 0x1a6c0000)
 Metaspace       used 3397K, capacity 3494K, committed 3520K, reserved 4480K
Event: 2.859 GC heap after
Heap after GC invocations=23 (full 5):
 def new generation   total 6464K, used 630K [0x04400000, 0x04b00000, 0x19950000)
  eden space 5760K,  10% used [0x04400000, 0x0449d918, 0x049a0000)
  from space 704K,   0% used [0x049a0000, 0x049a0000, 0x04a50000)
  to   space 704K,   0% used [0x04a50000, 0x04a50000, 0x04b00000)
 tenured generation   total 14272K, used 14271K [0x19950000, 0x1a740000, 0x44400000)
   the space 14272K,  99% used [0x19950000, 0x1a73fff8, 0x1a740000, 0x1a740000)
 Metaspace       used 3397K, capacity 3494K, committed 3520K, reserved 4480K
}
Event: 2.987 GC heap before
{Heap before GC invocations=23 (full 5):
 def new generation   total 6464K, used 5760K [0x04400000, 0x04b00000, 0x19950000)
  eden space 5760K, 100% used [0x04400000, 0x049a0000, 0x049a0000)
  from space 704K,   0% used [0x049a0000, 0x049a0000, 0x04a50000)
  to   space 704K,   0% used [0x04a50000, 0x04a50000, 0x04b00000)
 tenured generation   total 14272K, used 14271K [0x19950000, 0x1a740000, 0x44400000)
   the space 14272K,  99% used [0x19950000, 0x1a73fff8, 0x1a740000, 0x1a740000)
 Metaspace       used 3397K, capacity 3494K, committed 3520K, reserved 4480K
Event: 3.062 GC heap after
Heap after GC invocations=24 (full 6):
 def new generation   total 6976K, used 0K [0x04400000, 0x04b90000, 0x19950000)
  eden space 6208K,   0% used [0x04400000, 0x04400000, 0x04a10000)
  from space 768K,   0% used [0x04a10000, 0x04a10000, 0x04ad0000)
  to   space 768K,   0% used [0x04ad0000, 0x04ad0000, 0x04b90000)
 tenured generation   total 15424K, used 15271K [0x19950000, 0x1a860000, 0x44400000)
   the space 15424K,  99% used [0x19950000, 0x1a839fb8, 0x1a83a000, 0x1a860000)
 Metaspace       used 3397K, capacity 3494K, committed 3520K, reserved 4480K
}
Event: 3.087 GC heap before
{Heap before GC invocations=24 (full 6):
 def new generation   total 6976K, used 6208K [0x04400000, 0x04b90000, 0x19950000)
  eden space 6208K, 100% used [0x04400000, 0x04a10000, 0x04a10000)
  from space 768K,   0% used [0x04a10000, 0x04a10000, 0x04ad0000)
  to   space 768K,   0% used [0x04ad0000, 0x04ad0000, 0x04b90000)
 tenured generation   total 15424K, used 15271K [0x19950000, 0x1a860000, 0x44400000)
   the space 15424K,  99% used [0x19950000, 0x1a839fb8, 0x1a83a000, 0x1a860000)
 Metaspace       used 3398K, capacity 3494K, committed 3520K, reserved 4480K
Event: 3.153 GC heap after
Heap after GC invocations=25 (full 7):
 def new generation   total 6976K, used 625K [0x04400000, 0x04b90000, 0x19950000)
  eden space 6208K,  10% used [0x04400000, 0x0449c4d0, 0x04a10000)
  from space 768K,   0% used [0x04ad0000, 0x04ad0000, 0x04b90000)
  to   space 768K,   0% used [0x04a10000, 0x04a10000, 0x04ad0000)
 tenured generation   total 15680K, used 15679K [0x19950000, 0x1a8a0000, 0x44400000)
   the space 15680K,  99% used [0x19950000, 0x1a89ff30, 0x1a8a0000, 0x1a8a0000)
 Metaspace       used 3398K, capacity 3494K, committed 3520K, reserved 4480K
}
Event: 3.201 GC heap before
{Heap before GC invocations=25 (full 7):
 def new generation   total 6976K, used 6208K [0x04400000, 0x04b90000, 0x19950000)
  eden space 6208K, 100% used [0x04400000, 0x04a10000, 0x04a10000)
  from space 768K,   0% used [0x04ad0000, 0x04ad0000, 0x04b90000)
  to   space 768K,   0% used [0x04a10000, 0x04a10000, 0x04ad0000)
 tenured generation   total 15680K, used 15679K [0x19950000, 0x1a8a0000, 0x44400000)
   the space 15680K,  99% used [0x19950000, 0x1a89ff30, 0x1a8a0000, 0x1a8a0000)
 Metaspace       used 3398K, capacity 3494K, committed 3520K, reserved 4480K

