# JRE version: Java(TM) SE Runtime Environment (8.0_60-b27) (build 1.8.0_60-b27)
# Java VM: Java HotSpot(TM) Client VM (25.60-b23 mixed mode windows-x86 )
Heap:
 def new generation   total 51392K, used 5695K [0x03c00000, 0x073c0000, 0x19150000)
  eden space 45696K,   0% used [0x03c00000, 0x03c00000, 0x068a0000)
  from space 5696K,  99% used [0x06e30000, 0x073bfff8, 0x073c0000)
  to   space 5696K,   0% used [0x068a0000, 0x068a0000, 0x06e30000)
 tenured generation   total 119528K, used 119476K [0x19150000, 0x2060a000, 0x43c00000)
   the space 119528K,  99% used [0x19150000, 0x205fd080, 0x205fd200, 0x2060a000)
 Metaspace       used 3401K, capacity 3494K, committed 3520K, reserved 4480K
GC Heap History (10 events):
Event: 5.911 GC heap after
Heap after GC invocations=49 (full 6):
 def new generation   total 43776K, used 4329K [0x03c00000, 0x06b70000, 0x19150000)
  eden space 38976K,  11% used [0x03c00000, 0x0403a5a0, 0x06210000)
  from space 4800K,   0% used [0x06210000, 0x06210000, 0x066c0000)
  to   space 4800K,   0% used [0x066c0000, 0x066c0000, 0x06b70000)
 tenured generation   total 97128K, used 97127K [0x19150000, 0x1f02a000, 0x43c00000)
   the space 97128K,  99% used [0x19150000, 0x1f029ff8, 0x1f02a000, 0x1f02a000)
 Metaspace       used 3401K, capacity 3494K, committed 3520K, reserved 4480K
}
Event: 6.021 GC heap before
{Heap before GC invocations=49 (full 6):
 def new generation   total 43776K, used 38976K [0x03c00000, 0x06b70000, 0x19150000)
  eden space 38976K, 100% used [0x03c00000, 0x06210000, 0x06210000)
  from space 4800K,   0% used [0x06210000, 0x06210000, 0x066c0000)
  to   space 4800K,   0% used [0x066c0000, 0x066c0000, 0x06b70000)
 tenured generation   total 97128K, used 97127K [0x19150000, 0x1f02a000, 0x43c00000)
   the space 97128K,  99% used [0x19150000, 0x1f029ff8, 0x1f02a000, 0x1f02a000)
 Metaspace       used 3401K, capacity 3494K, committed 3520K, reserved 4480K
Event: 6.548 GC heap after
Heap after GC invocations=50 (full 7):
 def new generation   total 45760K, used 4476K [0x03c00000, 0x06da0000, 0x19150000)
  eden space 40704K,  10% used [0x03c00000, 0x0405f1c8, 0x063c0000)
  from space 5056K,   0% used [0x063c0000, 0x063c0000, 0x068b0000)
  to   space 5056K,   0% used [0x068b0000, 0x068b0000, 0x06da0000)
 tenured generation   total 101608K, used 101607K [0x19150000, 0x1f48a000, 0x43c00000)
   the space 101608K,  99% used [0x19150000, 0x1f489ff8, 0x1f48a000, 0x1f48a000)
 Metaspace       used 3401K, capacity 3494K, committed 3520K, reserved 4480K
}
Event: 6.676 GC heap before
{Heap before GC invocations=50 (full 7):
 def new generation   total 45760K, used 40704K [0x03c00000, 0x06da0000, 0x19150000)
  eden space 40704K, 100% used [0x03c00000, 0x063c0000, 0x063c0000)
  from space 5056K,   0% used [0x063c0000, 0x063c0000, 0x068b0000)
  to   space 5056K,   0% used [0x068b0000, 0x068b0000, 0x06da0000)
 tenured generation   total 101608K, used 101607K [0x19150000, 0x1f48a000, 0x43c00000)
   the space 101608K,  99% used [0x19150000, 0x1f489ff8, 0x1f48a000, 0x1f48a000)
 Metaspace       used 3401K, capacity 3494K, committed 3520K, reserved 4480K
Event: 7.316 GC heap after
Heap after GC invocations=51 (full 8):
 def new generation   total 47936K, used 856K [0x03c00000, 0x07000000, 0x19150000)
  eden space 42624K,   2% used [0x03c00000, 0x03cd6328, 0x065a0000)
  from space 5312K,   0% used [0x065a0000, 0x065a0000, 0x06ad0000)
  to   space 5312K,   0% used [0x06ad0000, 0x06ad0000, 0x07000000)
 tenured generation   total 106472K, used 106471K [0x19150000, 0x1f94a000, 0x43c00000)
   the space 106472K,  99% used [0x19150000, 0x1f949fc8, 0x1f94a000, 0x1f94a000)
 Metaspace       used 3401K, capacity 3494K, committed 3520K, reserved 4480K
}
Event: 7.441 GC heap before
{Heap before GC invocations=51 (full 8):
 def new generation   total 47936K, used 42624K [0x03c00000, 0x07000000, 0x19150000)
  eden space 42624K, 100% used [0x03c00000, 0x065a0000, 0x065a0000)
  from space 5312K,   0% used [0x065a0000, 0x065a0000, 0x06ad0000)
  to   space 5312K,   0% used [0x06ad0000, 0x06ad0000, 0x07000000)
 tenured generation   total 106472K, used 106471K [0x19150000, 0x1f94a000, 0x43c00000)
   the space 106472K,  99% used [0x19150000, 0x1f949fc8, 0x1f94a000, 0x1f94a000)
 Metaspace       used 3401K, capacity 3494K, committed 3520K, reserved 4480K
Event: 8.004 GC heap after
Heap after GC invocations=52 (full 9):
 def new generation   total 48640K, used 5177K [0x03c00000, 0x070c0000, 0x19150000)
  eden space 43264K,  11% used [0x03c00000, 0x0410e5a8, 0x06640000)
  from space 5376K,   0% used [0x06640000, 0x06640000, 0x06b80000)
  to   space 5376K,   0% used [0x06b80000, 0x06b80000, 0x070c0000)
 tenured generation   total 108008K, used 108007K [0x19150000, 0x1faca000, 0x43c00000)
   the space 108008K,  99% used [0x19150000, 0x1fac9ff0, 0x1faca000, 0x1faca000)
 Metaspace       used 3401K, capacity 3494K, committed 3520K, reserved 4480K
}
Event: 8.132 GC heap before
{Heap before GC invocations=52 (full 9):
 def new generation   total 48640K, used 43264K [0x03c00000, 0x070c0000, 0x19150000)
  eden space 43264K, 100% used [0x03c00000, 0x06640000, 0x06640000)
  from space 5376K,   0% used [0x06640000, 0x06640000, 0x06b80000)
  to   space 5376K,   0% used [0x06b80000, 0x06b80000, 0x070c0000)
 tenured generation   total 108008K, used 108007K [0x19150000, 0x1faca000, 0x43c00000)
   the space 108008K,  99% used [0x19150000, 0x1fac9ff0, 0x1faca000, 0x1faca000)
 Metaspace       used 3401K, capacity 3494K, committed 3520K, reserved 4480K
Event: 8.731 GC heap after
Heap after GC invocations=53 (full 10):
 def new generation   total 51392K, used 5057K [0x03c00000, 0x073c0000, 0x19150000)
  eden space 45696K,  11% used [0x03c00000, 0x040f04b8, 0x068a0000)
  from space 5696K,   0% used [0x068a0000, 0x068a0000, 0x06e30000)
  to   space 5696K,   0% used [0x06e30000, 0x06e30000, 0x073c0000)
 tenured generation   total 114152K, used 114142K [0x19150000, 0x200ca000, 0x43c00000)
   the space 114152K,  99% used [0x19150000, 0x200c7aa0, 0x200c7c00, 0x200ca000)
 Metaspace       used 3401K, capacity 3494K, committed 3520K, reserved 4480K
}
Event: 8.872 GC heap before
{Heap before GC invocations=53 (full 10):
 def new generation   total 51392K, used 45696K [0x03c00000, 0x073c0000, 0x19150000)
  eden space 45696K, 100% used [0x03c00000, 0x068a0000, 0x068a0000)
  from space 5696K,   0% used [0x068a0000, 0x068a0000, 0x06e30000)
  to   space 5696K,   0% used [0x06e30000, 0x06e30000, 0x073c0000)
 tenured generation   total 114152K, used 114142K [0x19150000, 0x200ca000, 0x43c00000)
   the space 114152K,  99% used [0x19150000, 0x200c7aa0, 0x200c7c00, 0x200ca000)
 Metaspace       used 3401K, capacity 3494K, committed 3520K, reserved 4480K

